Mar 24, 2016 5:48:12 PM org.apache.catalina.core.AprLifecycleListener init
INFO: The APR based Apache Tomcat Native library which allows optimal performance in production environments was not found on the java.library.path: C:\Program Files\Java\jdk1.8.0_25\bin;C:\Windows\Sun\Java\bin;C:\Windows\system32;C:\Windows;C:\oraclexe\app\oracle\product\11.2.0\server\bin;;C:\Program Files (x86)\EasyPHP-DevServer-14.1VC11\binaries\php\php_runningversion;C:\ProgramData\Oracle\Java\javapath;C:\Python34\;C:\Python34\Scripts;C:\Program Files\Java\jdk1.8.0_25\bin;C:\Program Files\Common Files\Microsoft Shared\Windows Live;C:\Program Files (x86)\Common Files\Microsoft Shared\Windows Live;C:\Windows\system32;C:\Windows;C:\Windows\System32\Wbem;C:\Windows\System32\WindowsPowerShell\v1.0\;C:\Program Files (x86)\Common Files\Roxio Shared\DLLShared\;C:\Program Files (x86)\Common Files\Roxio Shared\DLLShared\;C:\Program Files (x86)\Common Files\Roxio Shared\12.0\DLLShared\;C:\Program Files (x86)\Windows Live\Shared;C:\Program Files (x86)\ATI Technologies\ATI.ACE\Core-Static;C:\Program Files\Intel\WiFi\bin\;C:\Program Files\Common Files\Intel\WirelessCommon\ ;C:\Program Files (x86)\MinGW\bin;c:\Program Files (x86)\QuickTime\QTSystem\;C:\Program Files\nodejs\;C:\Program Files (x86)\Heroku\bin;C:\Program Files (x86)\git\cmd;C:\Program Files (x86)\Skype\Phone\;C:\Users\Aman\AppData\Roaming\npm;.
Mar 24, 2016 5:48:13 PM org.apache.coyote.http11.Http11Protocol init
INFO: Initializing Coyote HTTP/1.1 on http-9000
Mar 24, 2016 5:48:13 PM org.apache.catalina.startup.Catalina load
INFO: Initialization processed in 2375 ms
Mar 24, 2016 5:48:13 PM org.apache.catalina.core.StandardService start
INFO: Starting service Catalina
Mar 24, 2016 5:48:13 PM org.apache.catalina.core.StandardEngine start
INFO: Starting Servlet Engine: Apache Tomcat/6.0.18
Mar 24, 2016 5:48:19 PM org.apache.coyote.http11.Http11Protocol start
INFO: Starting Coyote HTTP/1.1 on http-9000
Mar 24, 2016 5:48:19 PM org.apache.jk.common.ChannelSocket init
INFO: JK: ajp13 listening on /0.0.0.0:8009
Mar 24, 2016 5:48:19 PM org.apache.jk.server.JkMain start
INFO: Jk running ID=0 time=0/128  config=null
Mar 24, 2016 5:48:19 PM org.apache.catalina.startup.Catalina start
INFO: Server startup in 5989 ms
Mar 24, 2016 9:28:03 PM org.apache.catalina.core.AprLifecycleListener init
INFO: The APR based Apache Tomcat Native library which allows optimal performance in production environments was not found on the java.library.path: C:\Program Files\Java\jdk1.8.0_25\bin;C:\Windows\Sun\Java\bin;C:\Windows\system32;C:\Windows;C:\oraclexe\app\oracle\product\11.2.0\server\bin;;C:\Program Files (x86)\EasyPHP-DevServer-14.1VC11\binaries\php\php_runningversion;C:\ProgramData\Oracle\Java\javapath;C:\Python34\;C:\Python34\Scripts;C:\Program Files\Java\jdk1.8.0_25\bin;C:\Program Files\Common Files\Microsoft Shared\Windows Live;C:\Program Files (x86)\Common Files\Microsoft Shared\Windows Live;C:\Windows\system32;C:\Windows;C:\Windows\System32\Wbem;C:\Windows\System32\WindowsPowerShell\v1.0\;C:\Program Files (x86)\Common Files\Roxio Shared\DLLShared\;C:\Program Files (x86)\Common Files\Roxio Shared\DLLShared\;C:\Program Files (x86)\Common Files\Roxio Shared\12.0\DLLShared\;C:\Program Files (x86)\Windows Live\Shared;C:\Program Files (x86)\ATI Technologies\ATI.ACE\Core-Static;C:\Program Files\Intel\WiFi\bin\;C:\Program Files\Common Files\Intel\WirelessCommon\ ;C:\Program Files (x86)\MinGW\bin;c:\Program Files (x86)\QuickTime\QTSystem\;C:\Program Files\nodejs\;C:\Program Files (x86)\Heroku\bin;C:\Program Files (x86)\git\cmd;C:\Program Files (x86)\Skype\Phone\;C:\Users\Aman\AppData\Roaming\npm;.
Mar 24, 2016 9:28:03 PM org.apache.coyote.http11.Http11Protocol init
INFO: Initializing Coyote HTTP/1.1 on http-9000
Mar 24, 2016 9:28:03 PM org.apache.catalina.startup.Catalina load
INFO: Initialization processed in 1103 ms
Mar 24, 2016 9:28:03 PM org.apache.catalina.core.StandardService start
INFO: Starting service Catalina
Mar 24, 2016 9:28:03 PM org.apache.catalina.core.StandardEngine start
INFO: Starting Servlet Engine: Apache Tomcat/6.0.18
Mar 24, 2016 9:28:06 PM org.apache.coyote.http11.Http11Protocol start
INFO: Starting Coyote HTTP/1.1 on http-9000
Mar 24, 2016 9:28:06 PM org.apache.jk.common.ChannelSocket init
INFO: JK: ajp13 listening on /0.0.0.0:8009
Mar 24, 2016 9:28:06 PM org.apache.jk.server.JkMain start
INFO: Jk running ID=0 time=0/76  config=null
Mar 24, 2016 9:28:06 PM org.apache.catalina.startup.Catalina start
INFO: Server startup in 3114 ms
Mar 24, 2016 9:48:50 PM org.apache.catalina.core.AprLifecycleListener init
INFO: The APR based Apache Tomcat Native library which allows optimal performance in production environments was not found on the java.library.path: C:\Program Files\Java\jdk1.8.0_25\bin;C:\Windows\Sun\Java\bin;C:\Windows\system32;C:\Windows;C:\oraclexe\app\oracle\product\11.2.0\server\bin;;C:\Program Files (x86)\EasyPHP-DevServer-14.1VC11\binaries\php\php_runningversion;C:\ProgramData\Oracle\Java\javapath;C:\Python34\;C:\Python34\Scripts;C:\Program Files\Java\jdk1.8.0_25\bin;C:\Program Files\Common Files\Microsoft Shared\Windows Live;C:\Program Files (x86)\Common Files\Microsoft Shared\Windows Live;C:\Windows\system32;C:\Windows;C:\Windows\System32\Wbem;C:\Windows\System32\WindowsPowerShell\v1.0\;C:\Program Files (x86)\Common Files\Roxio Shared\DLLShared\;C:\Program Files (x86)\Common Files\Roxio Shared\DLLShared\;C:\Program Files (x86)\Common Files\Roxio Shared\12.0\DLLShared\;C:\Program Files (x86)\Windows Live\Shared;C:\Program Files (x86)\ATI Technologies\ATI.ACE\Core-Static;C:\Program Files\Intel\WiFi\bin\;C:\Program Files\Common Files\Intel\WirelessCommon\ ;C:\Program Files (x86)\MinGW\bin;c:\Program Files (x86)\QuickTime\QTSystem\;C:\Program Files\nodejs\;C:\Program Files (x86)\Heroku\bin;C:\Program Files (x86)\git\cmd;C:\Program Files (x86)\Skype\Phone\;C:\Users\Aman\AppData\Roaming\npm;.
Mar 24, 2016 9:48:50 PM org.apache.coyote.http11.Http11Protocol init
INFO: Initializing Coyote HTTP/1.1 on http-9000
Mar 24, 2016 9:48:50 PM org.apache.catalina.startup.Catalina load
INFO: Initialization processed in 1029 ms
Mar 24, 2016 9:48:50 PM org.apache.catalina.core.StandardService start
INFO: Starting service Catalina
Mar 24, 2016 9:48:50 PM org.apache.catalina.core.StandardEngine start
INFO: Starting Servlet Engine: Apache Tomcat/6.0.18
Mar 24, 2016 9:48:52 PM org.apache.coyote.http11.Http11Protocol start
INFO: Starting Coyote HTTP/1.1 on http-9000
Mar 24, 2016 9:48:52 PM org.apache.jk.common.ChannelSocket init
INFO: JK: ajp13 listening on /0.0.0.0:8009
Mar 24, 2016 9:48:52 PM org.apache.jk.server.JkMain start
INFO: Jk running ID=0 time=0/56  config=null
Mar 24, 2016 9:48:52 PM org.apache.catalina.startup.Catalina start
INFO: Server startup in 2069 ms
Mar 24, 2016 9:51:02 PM org.apache.catalina.core.StandardContext reload
INFO: Reloading this Context has started
Mar 24, 2016 9:53:00 PM org.apache.coyote.http11.Http11Protocol pause
INFO: Pausing Coyote HTTP/1.1 on http-9000
Mar 24, 2016 9:53:01 PM org.apache.catalina.core.StandardService stop
INFO: Stopping service Catalina
Mar 24, 2016 9:53:02 PM org.apache.coyote.http11.Http11Protocol destroy
INFO: Stopping Coyote HTTP/1.1 on http-9000
Mar 24, 2016 9:53:09 PM org.apache.catalina.core.AprLifecycleListener init
INFO: The APR based Apache Tomcat Native library which allows optimal performance in production environments was not found on the java.library.path: C:\Program Files\Java\jdk1.8.0_25\bin;C:\Windows\Sun\Java\bin;C:\Windows\system32;C:\Windows;C:\oraclexe\app\oracle\product\11.2.0\server\bin;;C:\Program Files (x86)\EasyPHP-DevServer-14.1VC11\binaries\php\php_runningversion;C:\ProgramData\Oracle\Java\javapath;C:\Python34\;C:\Python34\Scripts;C:\Program Files\Java\jdk1.8.0_25\bin;C:\Program Files\Common Files\Microsoft Shared\Windows Live;C:\Program Files (x86)\Common Files\Microsoft Shared\Windows Live;C:\Windows\system32;C:\Windows;C:\Windows\System32\Wbem;C:\Windows\System32\WindowsPowerShell\v1.0\;C:\Program Files (x86)\Common Files\Roxio Shared\DLLShared\;C:\Program Files (x86)\Common Files\Roxio Shared\DLLShared\;C:\Program Files (x86)\Common Files\Roxio Shared\12.0\DLLShared\;C:\Program Files (x86)\Windows Live\Shared;C:\Program Files (x86)\ATI Technologies\ATI.ACE\Core-Static;C:\Program Files\Intel\WiFi\bin\;C:\Program Files\Common Files\Intel\WirelessCommon\ ;C:\Program Files (x86)\MinGW\bin;c:\Program Files (x86)\QuickTime\QTSystem\;C:\Program Files\nodejs\;C:\Program Files (x86)\Heroku\bin;C:\Program Files (x86)\git\cmd;C:\Program Files (x86)\Skype\Phone\;C:\Users\Aman\AppData\Roaming\npm;.
Mar 24, 2016 9:53:09 PM org.apache.coyote.http11.Http11Protocol init
INFO: Initializing Coyote HTTP/1.1 on http-9000
Mar 24, 2016 9:53:09 PM org.apache.catalina.startup.Catalina load
INFO: Initialization processed in 745 ms
Mar 24, 2016 9:53:09 PM org.apache.catalina.core.StandardService start
INFO: Starting service Catalina
Mar 24, 2016 9:53:09 PM org.apache.catalina.core.StandardEngine start
INFO: Starting Servlet Engine: Apache Tomcat/6.0.18
Mar 24, 2016 9:53:10 PM org.apache.coyote.http11.Http11Protocol start
INFO: Starting Coyote HTTP/1.1 on http-9000
Mar 24, 2016 9:53:10 PM org.apache.jk.common.ChannelSocket init
INFO: JK: ajp13 listening on /0.0.0.0:8009
Mar 24, 2016 9:53:10 PM org.apache.jk.server.JkMain start
INFO: Jk running ID=0 time=0/32  config=null
Mar 24, 2016 9:53:10 PM org.apache.catalina.startup.Catalina start
INFO: Server startup in 1371 ms
Mar 24, 2016 9:55:30 PM org.apache.catalina.core.StandardContext reload
INFO: Reloading this Context has started
Mar 24, 2016 10:03:02 PM org.apache.catalina.core.StandardContext reload
INFO: Reloading this Context has started
