Mar 31, 2016 1:18:21 AM org.apache.catalina.core.AprLifecycleListener init
INFO: The APR based Apache Tomcat Native library which allows optimal performance in production environments was not found on the java.library.path: C:\Program Files\Java\jdk1.8.0_25\bin;C:\Windows\Sun\Java\bin;C:\Windows\system32;C:\Windows;C:\oraclexe\app\oracle\product\11.2.0\server\bin;;C:\Program Files (x86)\EasyPHP-DevServer-14.1VC11\binaries\php\php_runningversion;C:\ProgramData\Oracle\Java\javapath;C:\Python34\;C:\Python34\Scripts;C:\Program Files\Java\jdk1.8.0_25\bin;C:\Program Files\Common Files\Microsoft Shared\Windows Live;C:\Program Files (x86)\Common Files\Microsoft Shared\Windows Live;C:\Windows\system32;C:\Windows;C:\Windows\System32\Wbem;C:\Windows\System32\WindowsPowerShell\v1.0\;C:\Program Files (x86)\Common Files\Roxio Shared\DLLShared\;C:\Program Files (x86)\Common Files\Roxio Shared\DLLShared\;C:\Program Files (x86)\Common Files\Roxio Shared\12.0\DLLShared\;C:\Program Files (x86)\Windows Live\Shared;C:\Program Files (x86)\ATI Technologies\ATI.ACE\Core-Static;C:\Program Files\Intel\WiFi\bin\;C:\Program Files\Common Files\Intel\WirelessCommon\ ;C:\Program Files (x86)\MinGW\bin;c:\Program Files (x86)\QuickTime\QTSystem\;C:\Program Files\nodejs\;C:\Program Files (x86)\Heroku\bin;C:\Program Files (x86)\git\cmd;C:\Program Files (x86)\Skype\Phone\;C:\Users\Aman\AppData\Roaming\npm;.
Mar 31, 2016 1:18:22 AM org.apache.coyote.http11.Http11Protocol init
INFO: Initializing Coyote HTTP/1.1 on http-9000
Mar 31, 2016 1:18:22 AM org.apache.catalina.startup.Catalina load
INFO: Initialization processed in 492 ms
Mar 31, 2016 1:18:22 AM org.apache.catalina.core.StandardService start
INFO: Starting service Catalina
Mar 31, 2016 1:18:22 AM org.apache.catalina.core.StandardEngine start
INFO: Starting Servlet Engine: Apache Tomcat/6.0.18
Mar 31, 2016 1:18:23 AM org.apache.coyote.http11.Http11Protocol start
INFO: Starting Coyote HTTP/1.1 on http-9000
Mar 31, 2016 1:18:23 AM org.apache.jk.common.ChannelSocket init
INFO: JK: ajp13 listening on /0.0.0.0:8009
Mar 31, 2016 1:18:23 AM org.apache.jk.server.JkMain start
INFO: Jk running ID=0 time=0/30  config=null
Mar 31, 2016 1:18:23 AM org.apache.catalina.startup.Catalina start
INFO: Server startup in 1594 ms
Mar 31, 2016 1:43:04 AM org.apache.catalina.loader.WebappClassLoader modified
SEVERE:     Resource '/WEB-INF/classes/InsertPassengers.class' is missing
Mar 31, 2016 1:43:04 AM org.apache.catalina.core.StandardContext reload
INFO: Reloading this Context has started
Mar 31, 2016 2:25:29 AM org.apache.coyote.http11.Http11Protocol pause
INFO: Pausing Coyote HTTP/1.1 on http-9000
Mar 31, 2016 2:25:30 AM org.apache.catalina.core.StandardService stop
INFO: Stopping service Catalina
Mar 31, 2016 2:25:31 AM org.apache.coyote.http11.Http11Protocol destroy
INFO: Stopping Coyote HTTP/1.1 on http-9000
Mar 31, 2016 11:57:27 AM org.apache.catalina.core.AprLifecycleListener init
INFO: The APR based Apache Tomcat Native library which allows optimal performance in production environments was not found on the java.library.path: C:\Program Files\Java\jdk1.8.0_25\bin;C:\Windows\Sun\Java\bin;C:\Windows\system32;C:\Windows;C:\oraclexe\app\oracle\product\11.2.0\server\bin;;C:\Program Files (x86)\EasyPHP-DevServer-14.1VC11\binaries\php\php_runningversion;C:\ProgramData\Oracle\Java\javapath;C:\Python34\;C:\Python34\Scripts;C:\Program Files\Java\jdk1.8.0_25\bin;C:\Program Files\Common Files\Microsoft Shared\Windows Live;C:\Program Files (x86)\Common Files\Microsoft Shared\Windows Live;C:\Windows\system32;C:\Windows;C:\Windows\System32\Wbem;C:\Windows\System32\WindowsPowerShell\v1.0\;C:\Program Files (x86)\Common Files\Roxio Shared\DLLShared\;C:\Program Files (x86)\Common Files\Roxio Shared\DLLShared\;C:\Program Files (x86)\Common Files\Roxio Shared\12.0\DLLShared\;C:\Program Files (x86)\Windows Live\Shared;C:\Program Files (x86)\ATI Technologies\ATI.ACE\Core-Static;C:\Program Files\Intel\WiFi\bin\;C:\Program Files\Common Files\Intel\WirelessCommon\ ;C:\Program Files (x86)\MinGW\bin;c:\Program Files (x86)\QuickTime\QTSystem\;C:\Program Files\nodejs\;C:\Program Files (x86)\Heroku\bin;C:\Program Files (x86)\git\cmd;C:\Program Files (x86)\Skype\Phone\;C:\Users\Aman\AppData\Roaming\npm;.
Mar 31, 2016 11:57:28 AM org.apache.coyote.http11.Http11Protocol init
INFO: Initializing Coyote HTTP/1.1 on http-9000
Mar 31, 2016 11:57:28 AM org.apache.catalina.startup.Catalina load
INFO: Initialization processed in 2581 ms
Mar 31, 2016 11:57:28 AM org.apache.catalina.core.StandardService start
INFO: Starting service Catalina
Mar 31, 2016 11:57:28 AM org.apache.catalina.core.StandardEngine start
INFO: Starting Servlet Engine: Apache Tomcat/6.0.18
Mar 31, 2016 11:57:33 AM org.apache.coyote.http11.Http11Protocol start
INFO: Starting Coyote HTTP/1.1 on http-9000
Mar 31, 2016 11:57:33 AM org.apache.jk.common.ChannelSocket init
INFO: JK: ajp13 listening on /0.0.0.0:8009
Mar 31, 2016 11:57:33 AM org.apache.jk.server.JkMain start
INFO: Jk running ID=0 time=0/163  config=null
Mar 31, 2016 11:57:33 AM org.apache.catalina.startup.Catalina start
INFO: Server startup in 5305 ms
Mar 31, 2016 11:59:23 AM org.apache.catalina.core.StandardContext reload
INFO: Reloading this Context has started
Mar 31, 2016 12:01:44 PM org.apache.catalina.core.StandardContext reload
INFO: Reloading this Context has started
Mar 31, 2016 12:06:14 PM org.apache.catalina.core.StandardContext reload
INFO: Reloading this Context has started
Mar 31, 2016 12:07:44 PM org.apache.catalina.core.StandardContext reload
INFO: Reloading this Context has started
Mar 31, 2016 12:09:55 PM org.apache.catalina.core.StandardContext reload
INFO: Reloading this Context has started
Mar 31, 2016 12:46:21 PM org.apache.coyote.http11.Http11Protocol pause
INFO: Pausing Coyote HTTP/1.1 on http-9000
Mar 31, 2016 12:46:22 PM org.apache.catalina.core.StandardService stop
INFO: Stopping service Catalina
Mar 31, 2016 12:46:22 PM org.apache.coyote.http11.Http11Protocol destroy
INFO: Stopping Coyote HTTP/1.1 on http-9000
Mar 31, 2016 4:13:14 PM org.apache.catalina.core.AprLifecycleListener init
INFO: The APR based Apache Tomcat Native library which allows optimal performance in production environments was not found on the java.library.path: C:\Program Files\Java\jdk1.8.0_25\bin;C:\Windows\Sun\Java\bin;C:\Windows\system32;C:\Windows;C:\oraclexe\app\oracle\product\11.2.0\server\bin;;C:\Program Files (x86)\EasyPHP-DevServer-14.1VC11\binaries\php\php_runningversion;C:\ProgramData\Oracle\Java\javapath;C:\Python34\;C:\Python34\Scripts;C:\Program Files\Java\jdk1.8.0_25\bin;C:\Program Files\Common Files\Microsoft Shared\Windows Live;C:\Program Files (x86)\Common Files\Microsoft Shared\Windows Live;C:\Windows\system32;C:\Windows;C:\Windows\System32\Wbem;C:\Windows\System32\WindowsPowerShell\v1.0\;C:\Program Files (x86)\Common Files\Roxio Shared\DLLShared\;C:\Program Files (x86)\Common Files\Roxio Shared\DLLShared\;C:\Program Files (x86)\Common Files\Roxio Shared\12.0\DLLShared\;C:\Program Files (x86)\Windows Live\Shared;C:\Program Files (x86)\ATI Technologies\ATI.ACE\Core-Static;C:\Program Files\Intel\WiFi\bin\;C:\Program Files\Common Files\Intel\WirelessCommon\ ;C:\Program Files (x86)\MinGW\bin;c:\Program Files (x86)\QuickTime\QTSystem\;C:\Program Files\nodejs\;C:\Program Files (x86)\Heroku\bin;C:\Program Files (x86)\git\cmd;C:\Program Files (x86)\Skype\Phone\;C:\Users\Aman\AppData\Roaming\npm;.
Mar 31, 2016 4:13:14 PM org.apache.coyote.http11.Http11Protocol init
INFO: Initializing Coyote HTTP/1.1 on http-9000
Mar 31, 2016 4:13:14 PM org.apache.catalina.startup.Catalina load
INFO: Initialization processed in 481 ms
Mar 31, 2016 4:13:14 PM org.apache.catalina.core.StandardService start
INFO: Starting service Catalina
Mar 31, 2016 4:13:14 PM org.apache.catalina.core.StandardEngine start
INFO: Starting Servlet Engine: Apache Tomcat/6.0.18
Mar 31, 2016 4:13:15 PM org.apache.coyote.http11.Http11Protocol start
INFO: Starting Coyote HTTP/1.1 on http-9000
Mar 31, 2016 4:13:15 PM org.apache.jk.common.ChannelSocket init
INFO: JK: ajp13 listening on /0.0.0.0:8009
Mar 31, 2016 4:13:15 PM org.apache.jk.server.JkMain start
INFO: Jk running ID=0 time=0/39  config=null
Mar 31, 2016 4:13:15 PM org.apache.catalina.startup.Catalina start
INFO: Server startup in 1192 ms
Mar 31, 2016 4:14:05 PM org.apache.catalina.core.StandardContext reload
INFO: Reloading this Context has started
Mar 31, 2016 4:41:17 PM org.apache.catalina.core.StandardContext reload
INFO: Reloading this Context has started
Mar 31, 2016 4:43:27 PM org.apache.catalina.core.StandardContext reload
INFO: Reloading this Context has started
Mar 31, 2016 4:43:27 PM org.apache.catalina.core.StandardWrapper unload
INFO: Waiting for 1 instance(s) to be deallocated
Mar 31, 2016 4:43:28 PM org.apache.catalina.core.StandardWrapper unload
INFO: Waiting for 1 instance(s) to be deallocated
Mar 31, 2016 4:43:29 PM org.apache.catalina.core.StandardWrapper unload
INFO: Waiting for 1 instance(s) to be deallocated
Mar 31, 2016 4:44:09 PM org.apache.catalina.core.StandardContext reload
INFO: Reloading this Context has started
Mar 31, 2016 4:44:39 PM org.apache.catalina.core.StandardContext reload
INFO: Reloading this Context has started
Mar 31, 2016 4:45:10 PM org.apache.catalina.core.StandardContext reload
INFO: Reloading this Context has started
Mar 31, 2016 4:45:30 PM org.apache.catalina.core.StandardContext reload
INFO: Reloading this Context has started
Mar 31, 2016 5:04:41 PM org.apache.catalina.core.StandardContext reload
INFO: Reloading this Context has started
Mar 31, 2016 5:05:21 PM org.apache.catalina.core.StandardContext reload
INFO: Reloading this Context has started
Mar 31, 2016 5:10:51 PM org.apache.catalina.core.StandardContext reload
INFO: Reloading this Context has started
Mar 31, 2016 5:12:52 PM org.apache.catalina.core.StandardContext reload
INFO: Reloading this Context has started
Mar 31, 2016 5:14:02 PM org.apache.catalina.core.StandardContext reload
INFO: Reloading this Context has started
Mar 31, 2016 5:18:32 PM org.apache.catalina.core.StandardContext reload
INFO: Reloading this Context has started
Mar 31, 2016 5:18:32 PM org.apache.catalina.core.StandardWrapper unload
INFO: Waiting for 1 instance(s) to be deallocated
Mar 31, 2016 5:18:33 PM org.apache.catalina.core.StandardWrapper unload
INFO: Waiting for 1 instance(s) to be deallocated
Mar 31, 2016 5:18:34 PM org.apache.catalina.core.StandardWrapper unload
INFO: Waiting for 1 instance(s) to be deallocated
Mar 31, 2016 5:19:55 PM org.apache.catalina.core.StandardContext reload
INFO: Reloading this Context has started
Mar 31, 2016 5:21:15 PM org.apache.catalina.core.StandardContext reload
INFO: Reloading this Context has started
Mar 31, 2016 6:01:57 PM org.apache.catalina.core.StandardContext reload
INFO: Reloading this Context has started
Mar 31, 2016 6:03:07 PM org.apache.catalina.core.StandardContext reload
INFO: Reloading this Context has started
Mar 31, 2016 6:39:48 PM org.apache.catalina.core.StandardContext reload
INFO: Reloading this Context has started
Mar 31, 2016 6:46:39 PM org.apache.catalina.core.StandardContext reload
INFO: Reloading this Context has started
Mar 31, 2016 6:46:39 PM org.apache.catalina.core.StandardWrapper unload
INFO: Waiting for 1 instance(s) to be deallocated
Mar 31, 2016 6:46:40 PM org.apache.catalina.core.StandardWrapper unload
INFO: Waiting for 1 instance(s) to be deallocated
Mar 31, 2016 6:46:41 PM org.apache.catalina.core.StandardWrapper unload
INFO: Waiting for 1 instance(s) to be deallocated
Mar 31, 2016 6:51:31 PM org.apache.catalina.core.StandardContext reload
INFO: Reloading this Context has started
Mar 31, 2016 6:53:21 PM org.apache.catalina.core.StandardContext reload
INFO: Reloading this Context has started
Mar 31, 2016 6:54:42 PM org.apache.catalina.core.StandardContext reload
INFO: Reloading this Context has started
Mar 31, 2016 7:07:32 PM org.apache.catalina.core.StandardContext reload
INFO: Reloading this Context has started
Mar 31, 2016 7:24:33 PM org.apache.catalina.core.StandardContext reload
INFO: Reloading this Context has started
Mar 31, 2016 7:45:04 PM org.apache.catalina.core.StandardContext reload
INFO: Reloading this Context has started
Mar 31, 2016 7:48:04 PM org.apache.catalina.core.StandardContext reload
INFO: Reloading this Context has started
Mar 31, 2016 9:29:41 PM org.apache.coyote.http11.Http11Protocol pause
INFO: Pausing Coyote HTTP/1.1 on http-9000
Mar 31, 2016 9:29:42 PM org.apache.catalina.core.StandardService stop
INFO: Stopping service Catalina
