Mar 28, 2016 1:13:31 AM org.apache.catalina.core.StandardContext reload
INFO: Reloading this Context has started
Mar 28, 2016 1:13:32 AM org.apache.catalina.core.StandardWrapper unload
INFO: Waiting for 2 instance(s) to be deallocated
Mar 28, 2016 1:13:33 AM org.apache.catalina.core.StandardWrapper unload
INFO: Waiting for 2 instance(s) to be deallocated
Mar 28, 2016 1:13:34 AM org.apache.catalina.core.StandardWrapper unload
INFO: Waiting for 2 instance(s) to be deallocated
Mar 28, 2016 1:27:38 AM org.apache.catalina.core.StandardContext reload
INFO: Reloading this Context has started
Mar 28, 2016 1:34:08 AM org.apache.catalina.core.StandardContext reload
INFO: Reloading this Context has started
Mar 28, 2016 1:35:28 AM org.apache.catalina.core.StandardContext reload
INFO: Reloading this Context has started
Mar 28, 2016 1:36:09 AM org.apache.catalina.core.StandardContext reload
INFO: Reloading this Context has started
Mar 28, 2016 1:45:59 AM org.apache.catalina.core.StandardContext reload
INFO: Reloading this Context has started
Mar 28, 2016 2:10:20 AM org.apache.catalina.core.StandardContext reload
INFO: Reloading this Context has started
Mar 28, 2016 2:11:01 AM org.apache.catalina.core.StandardContext reload
INFO: Reloading this Context has started
Mar 28, 2016 2:12:21 AM org.apache.catalina.core.StandardContext reload
INFO: Reloading this Context has started
Mar 28, 2016 2:13:11 AM org.apache.catalina.core.StandardContext reload
INFO: Reloading this Context has started
Mar 28, 2016 10:30:05 AM org.apache.catalina.core.AprLifecycleListener init
INFO: The APR based Apache Tomcat Native library which allows optimal performance in production environments was not found on the java.library.path: C:\Program Files\Java\jdk1.8.0_25\bin;C:\Windows\Sun\Java\bin;C:\Windows\system32;C:\Windows;C:\oraclexe\app\oracle\product\11.2.0\server\bin;;C:\Program Files (x86)\EasyPHP-DevServer-14.1VC11\binaries\php\php_runningversion;C:\ProgramData\Oracle\Java\javapath;C:\Python34\;C:\Python34\Scripts;C:\Program Files\Java\jdk1.8.0_25\bin;C:\Program Files\Common Files\Microsoft Shared\Windows Live;C:\Program Files (x86)\Common Files\Microsoft Shared\Windows Live;C:\Windows\system32;C:\Windows;C:\Windows\System32\Wbem;C:\Windows\System32\WindowsPowerShell\v1.0\;C:\Program Files (x86)\Common Files\Roxio Shared\DLLShared\;C:\Program Files (x86)\Common Files\Roxio Shared\DLLShared\;C:\Program Files (x86)\Common Files\Roxio Shared\12.0\DLLShared\;C:\Program Files (x86)\Windows Live\Shared;C:\Program Files (x86)\ATI Technologies\ATI.ACE\Core-Static;C:\Program Files\Intel\WiFi\bin\;C:\Program Files\Common Files\Intel\WirelessCommon\ ;C:\Program Files (x86)\MinGW\bin;c:\Program Files (x86)\QuickTime\QTSystem\;C:\Program Files\nodejs\;C:\Program Files (x86)\Heroku\bin;C:\Program Files (x86)\git\cmd;C:\Program Files (x86)\Skype\Phone\;C:\Users\Aman\AppData\Roaming\npm;.
Mar 28, 2016 10:30:05 AM org.apache.coyote.http11.Http11Protocol init
INFO: Initializing Coyote HTTP/1.1 on http-9000
Mar 28, 2016 10:30:05 AM org.apache.catalina.startup.Catalina load
INFO: Initialization processed in 680 ms
Mar 28, 2016 10:30:05 AM org.apache.catalina.core.StandardService start
INFO: Starting service Catalina
Mar 28, 2016 10:30:05 AM org.apache.catalina.core.StandardEngine start
INFO: Starting Servlet Engine: Apache Tomcat/6.0.18
Mar 28, 2016 10:30:07 AM org.apache.coyote.http11.Http11Protocol start
INFO: Starting Coyote HTTP/1.1 on http-9000
Mar 28, 2016 10:30:07 AM org.apache.jk.common.ChannelSocket init
INFO: JK: ajp13 listening on /0.0.0.0:8009
Mar 28, 2016 10:30:07 AM org.apache.jk.server.JkMain start
INFO: Jk running ID=0 time=0/30  config=null
Mar 28, 2016 10:30:07 AM org.apache.catalina.startup.Catalina start
INFO: Server startup in 1808 ms
Mar 28, 2016 10:33:12 AM org.apache.coyote.http11.Http11Protocol pause
INFO: Pausing Coyote HTTP/1.1 on http-9000
Mar 28, 2016 10:33:13 AM org.apache.catalina.core.StandardService stop
INFO: Stopping service Catalina
Mar 28, 2016 10:33:13 AM org.apache.coyote.http11.Http11Protocol destroy
INFO: Stopping Coyote HTTP/1.1 on http-9000
Mar 28, 2016 10:39:05 AM org.apache.catalina.startup.Catalina stopServer
SEVERE: Catalina.stop: 
java.net.ConnectException: Connection refused: connect
	at java.net.DualStackPlainSocketImpl.connect0(Native Method)
	at java.net.DualStackPlainSocketImpl.socketConnect(DualStackPlainSocketImpl.java:79)
	at java.net.AbstractPlainSocketImpl.doConnect(AbstractPlainSocketImpl.java:345)
	at java.net.AbstractPlainSocketImpl.connectToAddress(AbstractPlainSocketImpl.java:206)
	at java.net.AbstractPlainSocketImpl.connect(AbstractPlainSocketImpl.java:188)
	at java.net.PlainSocketImpl.connect(PlainSocketImpl.java:172)
	at java.net.SocksSocketImpl.connect(SocksSocketImpl.java:392)
	at java.net.Socket.connect(Socket.java:589)
	at java.net.Socket.connect(Socket.java:538)
	at java.net.Socket.<init>(Socket.java:434)
	at java.net.Socket.<init>(Socket.java:211)
	at org.apache.catalina.startup.Catalina.stopServer(Catalina.java:421)
	at sun.reflect.NativeMethodAccessorImpl.invoke0(Native Method)
	at sun.reflect.NativeMethodAccessorImpl.invoke(NativeMethodAccessorImpl.java:62)
	at sun.reflect.DelegatingMethodAccessorImpl.invoke(DelegatingMethodAccessorImpl.java:43)
	at java.lang.reflect.Method.invoke(Method.java:483)
	at org.apache.catalina.startup.Bootstrap.stopServer(Bootstrap.java:337)
	at org.apache.catalina.startup.Bootstrap.main(Bootstrap.java:415)

Mar 28, 2016 10:48:48 AM org.apache.catalina.core.AprLifecycleListener init
INFO: The APR based Apache Tomcat Native library which allows optimal performance in production environments was not found on the java.library.path: C:\Program Files\Java\jdk1.8.0_25\bin;C:\Windows\Sun\Java\bin;C:\Windows\system32;C:\Windows;C:\oraclexe\app\oracle\product\11.2.0\server\bin;;C:\Program Files (x86)\EasyPHP-DevServer-14.1VC11\binaries\php\php_runningversion;C:\ProgramData\Oracle\Java\javapath;C:\Python34\;C:\Python34\Scripts;C:\Program Files\Java\jdk1.8.0_25\bin;C:\Program Files\Common Files\Microsoft Shared\Windows Live;C:\Program Files (x86)\Common Files\Microsoft Shared\Windows Live;C:\Windows\system32;C:\Windows;C:\Windows\System32\Wbem;C:\Windows\System32\WindowsPowerShell\v1.0\;C:\Program Files (x86)\Common Files\Roxio Shared\DLLShared\;C:\Program Files (x86)\Common Files\Roxio Shared\DLLShared\;C:\Program Files (x86)\Common Files\Roxio Shared\12.0\DLLShared\;C:\Program Files (x86)\Windows Live\Shared;C:\Program Files (x86)\ATI Technologies\ATI.ACE\Core-Static;C:\Program Files\Intel\WiFi\bin\;C:\Program Files\Common Files\Intel\WirelessCommon\ ;C:\Program Files (x86)\MinGW\bin;c:\Program Files (x86)\QuickTime\QTSystem\;C:\Program Files\nodejs\;C:\Program Files (x86)\Heroku\bin;C:\Program Files (x86)\git\cmd;C:\Program Files (x86)\Skype\Phone\;C:\Users\Aman\AppData\Roaming\npm;.
Mar 28, 2016 10:48:48 AM org.apache.coyote.http11.Http11Protocol init
INFO: Initializing Coyote HTTP/1.1 on http-9000
Mar 28, 2016 10:48:48 AM org.apache.catalina.startup.Catalina load
INFO: Initialization processed in 474 ms
Mar 28, 2016 10:48:48 AM org.apache.catalina.core.StandardService start
INFO: Starting service Catalina
Mar 28, 2016 10:48:48 AM org.apache.catalina.core.StandardEngine start
INFO: Starting Servlet Engine: Apache Tomcat/6.0.18
Mar 28, 2016 10:48:50 AM org.apache.coyote.http11.Http11Protocol start
INFO: Starting Coyote HTTP/1.1 on http-9000
Mar 28, 2016 10:48:50 AM org.apache.jk.common.ChannelSocket init
INFO: JK: ajp13 listening on /0.0.0.0:8009
Mar 28, 2016 10:48:50 AM org.apache.jk.server.JkMain start
INFO: Jk running ID=0 time=0/29  config=null
Mar 28, 2016 10:48:50 AM org.apache.catalina.startup.Catalina start
INFO: Server startup in 1876 ms
Mar 28, 2016 10:56:00 AM org.apache.catalina.core.StandardContext reload
INFO: Reloading this Context has started
Mar 28, 2016 10:58:01 AM org.apache.catalina.core.StandardContext reload
INFO: Reloading this Context has started
Mar 28, 2016 11:03:31 AM org.apache.catalina.core.StandardContext reload
INFO: Reloading this Context has started
Mar 28, 2016 11:07:51 AM org.apache.catalina.core.StandardContext reload
INFO: Reloading this Context has started
Mar 28, 2016 11:08:31 AM org.apache.catalina.core.StandardContext reload
INFO: Reloading this Context has started
Mar 28, 2016 11:11:32 AM org.apache.catalina.core.StandardContext reload
INFO: Reloading this Context has started
Mar 28, 2016 11:11:32 AM org.apache.catalina.core.StandardWrapper unload
INFO: Waiting for 1 instance(s) to be deallocated
Mar 28, 2016 11:11:33 AM org.apache.catalina.core.StandardWrapper unload
INFO: Waiting for 1 instance(s) to be deallocated
Mar 28, 2016 11:11:34 AM org.apache.catalina.core.StandardWrapper unload
INFO: Waiting for 1 instance(s) to be deallocated
Mar 28, 2016 11:16:24 AM org.apache.catalina.core.StandardContext reload
INFO: Reloading this Context has started
Mar 28, 2016 11:18:34 AM org.apache.catalina.core.StandardContext reload
INFO: Reloading this Context has started
Mar 28, 2016 11:18:44 AM org.apache.catalina.core.StandardContext reload
INFO: Reloading this Context has started
Mar 28, 2016 12:58:59 PM org.apache.coyote.http11.Http11Protocol pause
INFO: Pausing Coyote HTTP/1.1 on http-9000
Mar 28, 2016 12:59:00 PM org.apache.catalina.core.StandardService stop
INFO: Stopping service Catalina
Mar 28, 2016 12:59:01 PM org.apache.coyote.http11.Http11Protocol destroy
INFO: Stopping Coyote HTTP/1.1 on http-9000
Mar 28, 2016 3:45:15 PM org.apache.catalina.core.AprLifecycleListener init
INFO: The APR based Apache Tomcat Native library which allows optimal performance in production environments was not found on the java.library.path: C:\Program Files\Java\jdk1.8.0_25\bin;C:\Windows\Sun\Java\bin;C:\Windows\system32;C:\Windows;C:\oraclexe\app\oracle\product\11.2.0\server\bin;;C:\Program Files (x86)\EasyPHP-DevServer-14.1VC11\binaries\php\php_runningversion;C:\ProgramData\Oracle\Java\javapath;C:\Python34\;C:\Python34\Scripts;C:\Program Files\Java\jdk1.8.0_25\bin;C:\Program Files\Common Files\Microsoft Shared\Windows Live;C:\Program Files (x86)\Common Files\Microsoft Shared\Windows Live;C:\Windows\system32;C:\Windows;C:\Windows\System32\Wbem;C:\Windows\System32\WindowsPowerShell\v1.0\;C:\Program Files (x86)\Common Files\Roxio Shared\DLLShared\;C:\Program Files (x86)\Common Files\Roxio Shared\DLLShared\;C:\Program Files (x86)\Common Files\Roxio Shared\12.0\DLLShared\;C:\Program Files (x86)\Windows Live\Shared;C:\Program Files (x86)\ATI Technologies\ATI.ACE\Core-Static;C:\Program Files\Intel\WiFi\bin\;C:\Program Files\Common Files\Intel\WirelessCommon\ ;C:\Program Files (x86)\MinGW\bin;c:\Program Files (x86)\QuickTime\QTSystem\;C:\Program Files\nodejs\;C:\Program Files (x86)\Heroku\bin;C:\Program Files (x86)\git\cmd;C:\Program Files (x86)\Skype\Phone\;C:\Users\Aman\AppData\Roaming\npm;.
Mar 28, 2016 3:45:15 PM org.apache.coyote.http11.Http11Protocol init
INFO: Initializing Coyote HTTP/1.1 on http-9000
Mar 28, 2016 3:45:15 PM org.apache.catalina.startup.Catalina load
INFO: Initialization processed in 499 ms
Mar 28, 2016 3:45:15 PM org.apache.catalina.core.StandardService start
INFO: Starting service Catalina
Mar 28, 2016 3:45:15 PM org.apache.catalina.core.StandardEngine start
INFO: Starting Servlet Engine: Apache Tomcat/6.0.18
Mar 28, 2016 3:45:16 PM org.apache.coyote.http11.Http11Protocol start
INFO: Starting Coyote HTTP/1.1 on http-9000
Mar 28, 2016 3:45:16 PM org.apache.jk.common.ChannelSocket init
INFO: JK: ajp13 listening on /0.0.0.0:8009
Mar 28, 2016 3:45:16 PM org.apache.jk.server.JkMain start
INFO: Jk running ID=0 time=0/30  config=null
Mar 28, 2016 3:45:16 PM org.apache.catalina.startup.Catalina start
INFO: Server startup in 925 ms
Mar 28, 2016 5:10:51 PM org.apache.catalina.core.StandardContext reload
INFO: Reloading this Context has started
Mar 28, 2016 5:10:51 PM org.apache.catalina.core.StandardWrapper unload
INFO: Waiting for 1 instance(s) to be deallocated
Mar 28, 2016 5:10:52 PM org.apache.catalina.core.StandardWrapper unload
INFO: Waiting for 1 instance(s) to be deallocated
Mar 28, 2016 5:10:53 PM org.apache.catalina.core.StandardWrapper unload
INFO: Waiting for 1 instance(s) to be deallocated
Mar 28, 2016 5:15:54 PM org.apache.catalina.core.StandardContext reload
INFO: Reloading this Context has started
Mar 28, 2016 5:35:28 PM org.apache.catalina.core.StandardContext reload
INFO: Reloading this Context has started
Mar 28, 2016 5:38:48 PM org.apache.catalina.core.StandardContext reload
INFO: Reloading this Context has started
Mar 28, 2016 5:48:30 PM org.apache.catalina.core.StandardContext reload
INFO: Reloading this Context has started
Mar 28, 2016 5:52:44 PM org.apache.coyote.http11.Http11Protocol pause
INFO: Pausing Coyote HTTP/1.1 on http-9000
Mar 28, 2016 5:52:45 PM org.apache.catalina.core.StandardService stop
INFO: Stopping service Catalina
Mar 28, 2016 5:52:46 PM org.apache.coyote.http11.Http11Protocol destroy
INFO: Stopping Coyote HTTP/1.1 on http-9000
Mar 28, 2016 6:22:45 PM org.apache.catalina.core.AprLifecycleListener init
INFO: The APR based Apache Tomcat Native library which allows optimal performance in production environments was not found on the java.library.path: C:\Program Files\Java\jdk1.8.0_25\bin;C:\Windows\Sun\Java\bin;C:\Windows\system32;C:\Windows;C:\oraclexe\app\oracle\product\11.2.0\server\bin;;C:\Program Files (x86)\EasyPHP-DevServer-14.1VC11\binaries\php\php_runningversion;C:\ProgramData\Oracle\Java\javapath;C:\Python34\;C:\Python34\Scripts;C:\Program Files\Java\jdk1.8.0_25\bin;C:\Program Files\Common Files\Microsoft Shared\Windows Live;C:\Program Files (x86)\Common Files\Microsoft Shared\Windows Live;C:\Windows\system32;C:\Windows;C:\Windows\System32\Wbem;C:\Windows\System32\WindowsPowerShell\v1.0\;C:\Program Files (x86)\Common Files\Roxio Shared\DLLShared\;C:\Program Files (x86)\Common Files\Roxio Shared\DLLShared\;C:\Program Files (x86)\Common Files\Roxio Shared\12.0\DLLShared\;C:\Program Files (x86)\Windows Live\Shared;C:\Program Files (x86)\ATI Technologies\ATI.ACE\Core-Static;C:\Program Files\Intel\WiFi\bin\;C:\Program Files\Common Files\Intel\WirelessCommon\ ;C:\Program Files (x86)\MinGW\bin;c:\Program Files (x86)\QuickTime\QTSystem\;C:\Program Files\nodejs\;C:\Program Files (x86)\Heroku\bin;C:\Program Files (x86)\git\cmd;C:\Program Files (x86)\Skype\Phone\;C:\Users\Aman\AppData\Roaming\npm;.
Mar 28, 2016 6:22:45 PM org.apache.coyote.http11.Http11Protocol init
INFO: Initializing Coyote HTTP/1.1 on http-9000
Mar 28, 2016 6:22:45 PM org.apache.catalina.startup.Catalina load
INFO: Initialization processed in 595 ms
Mar 28, 2016 6:22:45 PM org.apache.catalina.core.StandardService start
INFO: Starting service Catalina
Mar 28, 2016 6:22:45 PM org.apache.catalina.core.StandardEngine start
INFO: Starting Servlet Engine: Apache Tomcat/6.0.18
Mar 28, 2016 6:22:47 PM org.apache.coyote.http11.Http11Protocol start
INFO: Starting Coyote HTTP/1.1 on http-9000
Mar 28, 2016 6:22:47 PM org.apache.jk.common.ChannelSocket init
INFO: JK: ajp13 listening on /0.0.0.0:8009
Mar 28, 2016 6:22:47 PM org.apache.jk.server.JkMain start
INFO: Jk running ID=0 time=0/35  config=null
Mar 28, 2016 6:22:48 PM org.apache.catalina.startup.Catalina start
INFO: Server startup in 2090 ms
