Mar 30, 2016 12:33:36 AM org.apache.catalina.core.AprLifecycleListener init
INFO: The APR based Apache Tomcat Native library which allows optimal performance in production environments was not found on the java.library.path: C:\Program Files\Java\jdk1.8.0_25\bin;C:\Windows\Sun\Java\bin;C:\Windows\system32;C:\Windows;C:\oraclexe\app\oracle\product\11.2.0\server\bin;;C:\Program Files (x86)\EasyPHP-DevServer-14.1VC11\binaries\php\php_runningversion;C:\ProgramData\Oracle\Java\javapath;C:\Python34\;C:\Python34\Scripts;C:\Program Files\Java\jdk1.8.0_25\bin;C:\Program Files\Common Files\Microsoft Shared\Windows Live;C:\Program Files (x86)\Common Files\Microsoft Shared\Windows Live;C:\Windows\system32;C:\Windows;C:\Windows\System32\Wbem;C:\Windows\System32\WindowsPowerShell\v1.0\;C:\Program Files (x86)\Common Files\Roxio Shared\DLLShared\;C:\Program Files (x86)\Common Files\Roxio Shared\DLLShared\;C:\Program Files (x86)\Common Files\Roxio Shared\12.0\DLLShared\;C:\Program Files (x86)\Windows Live\Shared;C:\Program Files (x86)\ATI Technologies\ATI.ACE\Core-Static;C:\Program Files\Intel\WiFi\bin\;C:\Program Files\Common Files\Intel\WirelessCommon\ ;C:\Program Files (x86)\MinGW\bin;c:\Program Files (x86)\QuickTime\QTSystem\;C:\Program Files\nodejs\;C:\Program Files (x86)\Heroku\bin;C:\Program Files (x86)\git\cmd;C:\Program Files (x86)\Skype\Phone\;C:\Users\Aman\AppData\Roaming\npm;.
Mar 30, 2016 12:33:36 AM org.apache.coyote.http11.Http11Protocol init
INFO: Initializing Coyote HTTP/1.1 on http-9000
Mar 30, 2016 12:33:36 AM org.apache.catalina.startup.Catalina load
INFO: Initialization processed in 457 ms
Mar 30, 2016 12:33:36 AM org.apache.catalina.core.StandardService start
INFO: Starting service Catalina
Mar 30, 2016 12:33:36 AM org.apache.catalina.core.StandardEngine start
INFO: Starting Servlet Engine: Apache Tomcat/6.0.18
Mar 30, 2016 12:33:37 AM org.apache.coyote.http11.Http11Protocol start
INFO: Starting Coyote HTTP/1.1 on http-9000
Mar 30, 2016 12:33:37 AM org.apache.jk.common.ChannelSocket init
INFO: JK: ajp13 listening on /0.0.0.0:8009
Mar 30, 2016 12:33:37 AM org.apache.jk.server.JkMain start
INFO: Jk running ID=0 time=0/45  config=null
Mar 30, 2016 12:33:37 AM org.apache.catalina.startup.Catalina start
INFO: Server startup in 1227 ms
Mar 30, 2016 1:47:11 AM org.apache.coyote.http11.Http11Protocol pause
INFO: Pausing Coyote HTTP/1.1 on http-9000
Mar 30, 2016 1:47:12 AM org.apache.catalina.core.StandardService stop
INFO: Stopping service Catalina
Mar 30, 2016 1:47:12 AM org.apache.coyote.http11.Http11Protocol destroy
INFO: Stopping Coyote HTTP/1.1 on http-9000
Mar 30, 2016 9:58:42 AM org.apache.catalina.core.AprLifecycleListener init
INFO: The APR based Apache Tomcat Native library which allows optimal performance in production environments was not found on the java.library.path: C:\Program Files\Java\jdk1.8.0_25\bin;C:\Windows\Sun\Java\bin;C:\Windows\system32;C:\Windows;C:\oraclexe\app\oracle\product\11.2.0\server\bin;;C:\Program Files (x86)\EasyPHP-DevServer-14.1VC11\binaries\php\php_runningversion;C:\ProgramData\Oracle\Java\javapath;C:\Python34\;C:\Python34\Scripts;C:\Program Files\Java\jdk1.8.0_25\bin;C:\Program Files\Common Files\Microsoft Shared\Windows Live;C:\Program Files (x86)\Common Files\Microsoft Shared\Windows Live;C:\Windows\system32;C:\Windows;C:\Windows\System32\Wbem;C:\Windows\System32\WindowsPowerShell\v1.0\;C:\Program Files (x86)\Common Files\Roxio Shared\DLLShared\;C:\Program Files (x86)\Common Files\Roxio Shared\DLLShared\;C:\Program Files (x86)\Common Files\Roxio Shared\12.0\DLLShared\;C:\Program Files (x86)\Windows Live\Shared;C:\Program Files (x86)\ATI Technologies\ATI.ACE\Core-Static;C:\Program Files\Intel\WiFi\bin\;C:\Program Files\Common Files\Intel\WirelessCommon\ ;C:\Program Files (x86)\MinGW\bin;c:\Program Files (x86)\QuickTime\QTSystem\;C:\Program Files\nodejs\;C:\Program Files (x86)\Heroku\bin;C:\Program Files (x86)\git\cmd;C:\Program Files (x86)\Skype\Phone\;C:\Users\Aman\AppData\Roaming\npm;.
Mar 30, 2016 9:58:43 AM org.apache.coyote.http11.Http11Protocol init
INFO: Initializing Coyote HTTP/1.1 on http-9000
Mar 30, 2016 9:58:43 AM org.apache.catalina.startup.Catalina load
INFO: Initialization processed in 449 ms
Mar 30, 2016 9:58:43 AM org.apache.catalina.core.StandardService start
INFO: Starting service Catalina
Mar 30, 2016 9:58:43 AM org.apache.catalina.core.StandardEngine start
INFO: Starting Servlet Engine: Apache Tomcat/6.0.18
Mar 30, 2016 9:58:44 AM org.apache.coyote.http11.Http11Protocol start
INFO: Starting Coyote HTTP/1.1 on http-9000
Mar 30, 2016 9:58:44 AM org.apache.jk.common.ChannelSocket init
INFO: JK: ajp13 listening on /0.0.0.0:8009
Mar 30, 2016 9:58:44 AM org.apache.jk.server.JkMain start
INFO: Jk running ID=0 time=0/26  config=null
Mar 30, 2016 9:58:44 AM org.apache.catalina.startup.Catalina start
INFO: Server startup in 1751 ms
Mar 30, 2016 10:42:05 AM org.apache.coyote.http11.Http11Protocol pause
INFO: Pausing Coyote HTTP/1.1 on http-9000
Mar 30, 2016 10:42:06 AM org.apache.catalina.core.StandardService stop
INFO: Stopping service Catalina
Mar 30, 2016 10:42:07 AM org.apache.coyote.http11.Http11Protocol destroy
INFO: Stopping Coyote HTTP/1.1 on http-9000
Mar 30, 2016 11:09:09 AM org.apache.catalina.core.AprLifecycleListener init
INFO: The APR based Apache Tomcat Native library which allows optimal performance in production environments was not found on the java.library.path: C:\Program Files\Java\jdk1.8.0_25\bin;C:\Windows\Sun\Java\bin;C:\Windows\system32;C:\Windows;C:\oraclexe\app\oracle\product\11.2.0\server\bin;;C:\Program Files (x86)\EasyPHP-DevServer-14.1VC11\binaries\php\php_runningversion;C:\ProgramData\Oracle\Java\javapath;C:\Python34\;C:\Python34\Scripts;C:\Program Files\Java\jdk1.8.0_25\bin;C:\Program Files\Common Files\Microsoft Shared\Windows Live;C:\Program Files (x86)\Common Files\Microsoft Shared\Windows Live;C:\Windows\system32;C:\Windows;C:\Windows\System32\Wbem;C:\Windows\System32\WindowsPowerShell\v1.0\;C:\Program Files (x86)\Common Files\Roxio Shared\DLLShared\;C:\Program Files (x86)\Common Files\Roxio Shared\DLLShared\;C:\Program Files (x86)\Common Files\Roxio Shared\12.0\DLLShared\;C:\Program Files (x86)\Windows Live\Shared;C:\Program Files (x86)\ATI Technologies\ATI.ACE\Core-Static;C:\Program Files\Intel\WiFi\bin\;C:\Program Files\Common Files\Intel\WirelessCommon\ ;C:\Program Files (x86)\MinGW\bin;c:\Program Files (x86)\QuickTime\QTSystem\;C:\Program Files\nodejs\;C:\Program Files (x86)\Heroku\bin;C:\Program Files (x86)\git\cmd;C:\Program Files (x86)\Skype\Phone\;C:\Users\Aman\AppData\Roaming\npm;.
Mar 30, 2016 11:09:09 AM org.apache.coyote.http11.Http11Protocol init
INFO: Initializing Coyote HTTP/1.1 on http-9000
Mar 30, 2016 11:09:09 AM org.apache.catalina.startup.Catalina load
INFO: Initialization processed in 490 ms
Mar 30, 2016 11:09:09 AM org.apache.catalina.core.StandardService start
INFO: Starting service Catalina
Mar 30, 2016 11:09:09 AM org.apache.catalina.core.StandardEngine start
INFO: Starting Servlet Engine: Apache Tomcat/6.0.18
Mar 30, 2016 11:09:10 AM org.apache.coyote.http11.Http11Protocol start
INFO: Starting Coyote HTTP/1.1 on http-9000
Mar 30, 2016 11:09:10 AM org.apache.jk.common.ChannelSocket init
INFO: JK: ajp13 listening on /0.0.0.0:8009
Mar 30, 2016 11:09:10 AM org.apache.jk.server.JkMain start
INFO: Jk running ID=0 time=0/28  config=null
Mar 30, 2016 11:09:10 AM org.apache.catalina.startup.Catalina start
INFO: Server startup in 1046 ms
Mar 30, 2016 1:52:05 PM org.apache.catalina.core.StandardContext reload
INFO: Reloading this Context has started
Mar 30, 2016 2:03:57 PM org.apache.catalina.core.StandardContext reload
INFO: Reloading this Context has started
Mar 30, 2016 2:07:58 PM org.apache.catalina.core.StandardContext reload
INFO: Reloading this Context has started
Mar 30, 2016 2:13:59 PM org.apache.catalina.core.StandardContext reload
INFO: Reloading this Context has started
Mar 30, 2016 2:20:11 PM org.apache.catalina.core.StandardContext reload
INFO: Reloading this Context has started
Mar 30, 2016 7:28:51 PM org.apache.coyote.http11.Http11Protocol pause
INFO: Pausing Coyote HTTP/1.1 on http-9000
